#! /usr/bin/vvp
:ivl_version "11.0 (stable)";
:ivl_delay_selection "TYPICAL";
:vpi_time_precision + 0;
:vpi_module "/usr/lib/x86_64-linux-gnu/ivl/system.vpi";
:vpi_module "/usr/lib/x86_64-linux-gnu/ivl/vhdl_sys.vpi";
:vpi_module "/usr/lib/x86_64-linux-gnu/ivl/vhdl_textio.vpi";
:vpi_module "/usr/lib/x86_64-linux-gnu/ivl/v2005_math.vpi";
:vpi_module "/usr/lib/x86_64-linux-gnu/ivl/va_math.vpi";
:vpi_module "/usr/lib/x86_64-linux-gnu/ivl/v2009.vpi";
S_0x55a0cb0b1ee0 .scope package, "$unit" "$unit" 2 1;
 .timescale 0 0;
S_0x55a0cb0b2070 .scope package, "top_pkg" "top_pkg" 3 1;
 .timescale 0 0;
enum0x55a0cb075b80 .enum4 (4)
   "ST_IDLE" 4'b0001,
   "ST_1" 4'b0010,
   "ST_10" 4'b0100,
   "ST_101" 4'b1000
 ;
S_0x55a0cb0adf20 .scope module, "top_tb" "top_tb" 4 1;
 .timescale 0 0;
v0x55a0cb0dbf20_0 .var "clk", 0 0;
v0x55a0cb0dbfe0_0 .var "data_in", 0 0;
v0x55a0cb0dc080_0 .var "rst_n", 0 0;
v0x55a0cb0dc120_0 .net "sequence_detected", 0 0, L_0x55a0cb0dc1f0;  1 drivers
E_0x55a0cb0ba8b0 .event posedge, v0x55a0cb0b94e0_0;
S_0x55a0cb0ae0b0 .scope module, "u_top" "top" 4 10, 5 7 0, S_0x55a0cb0adf20;
 .timescale 0 0;
    .port_info 0 /INPUT 1 "clk";
    .port_info 1 /INPUT 1 "rst_n";
    .port_info 2 /INPUT 1 "data_in";
    .port_info 3 /OUTPUT 1 "sequence_detected";
P_0x55a0cb0b82f0 .param/l "ST_1" 1 5 20, C4<0010>;
P_0x55a0cb0b8330 .param/l "ST_10" 1 5 21, C4<0100>;
P_0x55a0cb0b8370 .param/l "ST_101" 1 5 22, C4<1000>;
P_0x55a0cb0b83b0 .param/l "ST_IDLE" 1 5 19, C4<0001>;
L_0x7fc2d5f56018 .functor BUFT 1, C4<1000>, C4<0>, C4<0>, C4<0>;
v0x55a0cb0b9190_0 .net/2u *"_ivl_0", 3 0, L_0x7fc2d5f56018;  1 drivers
v0x55a0cb0b94e0_0 .net "clk", 0 0, v0x55a0cb0dbf20_0;  1 drivers
v0x55a0cb0b97f0_0 .net "data_in", 0 0, v0x55a0cb0dbfe0_0;  1 drivers
v0x55a0cb0b9b40_0 .var "next_state", 3 0;
v0x55a0cb0b9e70_0 .net "rst_n", 0 0, v0x55a0cb0dc080_0;  1 drivers
v0x55a0cb0ba180_0 .net "sequence_detected", 0 0, L_0x55a0cb0dc1f0;  alias, 1 drivers
v0x55a0cb0ba4d0_0 .var "state", 3 0;
E_0x55a0cb0bbe70/0 .event negedge, v0x55a0cb0b9e70_0;
E_0x55a0cb0bbe70/1 .event posedge, v0x55a0cb0b94e0_0;
E_0x55a0cb0bbe70 .event/or E_0x55a0cb0bbe70/0, E_0x55a0cb0bbe70/1;
E_0x55a0cb0bbf40 .event edge, v0x55a0cb0ba4d0_0, v0x55a0cb0b97f0_0;
L_0x55a0cb0dc1f0 .cmp/eq 4, v0x55a0cb0ba4d0_0, L_0x7fc2d5f56018;
    .scope S_0x55a0cb0ae0b0;
T_0 ;
    %wait E_0x55a0cb0bbf40;
    %load/vec4 v0x55a0cb0ba4d0_0;
    %store/vec4 v0x55a0cb0b9b40_0, 0, 4;
    %load/vec4 v0x55a0cb0ba4d0_0;
    %dup/vec4;
    %pushi/vec4 1, 0, 4;
    %cmp/u;
    %jmp/1 T_0.0, 6;
    %dup/vec4;
    %pushi/vec4 2, 0, 4;
    %cmp/u;
    %jmp/1 T_0.1, 6;
    %dup/vec4;
    %pushi/vec4 4, 0, 4;
    %cmp/u;
    %jmp/1 T_0.2, 6;
    %dup/vec4;
    %pushi/vec4 8, 0, 4;
    %cmp/u;
    %jmp/1 T_0.3, 6;
    %load/vec4 v0x55a0cb0ba4d0_0;
    %store/vec4 v0x55a0cb0b9b40_0, 0, 4;
    %jmp T_0.5;
T_0.0 ;
    %load/vec4 v0x55a0cb0b97f0_0;
    %flag_set/vec4 8;
    %jmp/0 T_0.6, 8;
    %pushi/vec4 2, 0, 4;
    %jmp/1 T_0.7, 8;
T_0.6 ; End of true expr.
    %pushi/vec4 1, 0, 4;
    %jmp/0 T_0.7, 8;
 ; End of false expr.
    %blend;
T_0.7;
    %store/vec4 v0x55a0cb0b9b40_0, 0, 4;
    %jmp T_0.5;
T_0.1 ;
    %load/vec4 v0x55a0cb0b97f0_0;
    %flag_set/vec4 8;
    %jmp/0 T_0.8, 8;
    %pushi/vec4 2, 0, 4;
    %jmp/1 T_0.9, 8;
T_0.8 ; End of true expr.
    %pushi/vec4 4, 0, 4;
    %jmp/0 T_0.9, 8;
 ; End of false expr.
    %blend;
T_0.9;
    %store/vec4 v0x55a0cb0b9b40_0, 0, 4;
    %jmp T_0.5;
T_0.2 ;
    %load/vec4 v0x55a0cb0b97f0_0;
    %flag_set/vec4 8;
    %jmp/0 T_0.10, 8;
    %pushi/vec4 8, 0, 4;
    %jmp/1 T_0.11, 8;
T_0.10 ; End of true expr.
    %pushi/vec4 1, 0, 4;
    %jmp/0 T_0.11, 8;
 ; End of false expr.
    %blend;
T_0.11;
    %store/vec4 v0x55a0cb0b9b40_0, 0, 4;
    %jmp T_0.5;
T_0.3 ;
    %load/vec4 v0x55a0cb0b97f0_0;
    %flag_set/vec4 8;
    %jmp/0 T_0.12, 8;
    %pushi/vec4 2, 0, 4;
    %jmp/1 T_0.13, 8;
T_0.12 ; End of true expr.
    %pushi/vec4 4, 0, 4;
    %jmp/0 T_0.13, 8;
 ; End of false expr.
    %blend;
T_0.13;
    %store/vec4 v0x55a0cb0b9b40_0, 0, 4;
    %jmp T_0.5;
T_0.5 ;
    %pop/vec4 1;
    %jmp T_0;
    .thread T_0, $push;
    .scope S_0x55a0cb0ae0b0;
T_1 ;
    %wait E_0x55a0cb0bbe70;
    %load/vec4 v0x55a0cb0b9e70_0;
    %nor/r;
    %flag_set/vec4 8;
    %jmp/0xz  T_1.0, 8;
    %pushi/vec4 1, 0, 4;
    %assign/vec4 v0x55a0cb0ba4d0_0, 0;
    %jmp T_1.1;
T_1.0 ;
    %load/vec4 v0x55a0cb0b9b40_0;
    %assign/vec4 v0x55a0cb0ba4d0_0, 0;
T_1.1 ;
    %jmp T_1;
    .thread T_1;
    .scope S_0x55a0cb0adf20;
T_2 ;
    %pushi/vec4 0, 0, 1;
    %store/vec4 v0x55a0cb0dbf20_0, 0, 1;
    %pushi/vec4 1, 0, 1;
    %store/vec4 v0x55a0cb0dc080_0, 0, 1;
    %pushi/vec4 0, 0, 1;
    %store/vec4 v0x55a0cb0dbfe0_0, 0, 1;
    %delay 5, 0;
    %pushi/vec4 0, 0, 1;
    %store/vec4 v0x55a0cb0dc080_0, 0, 1;
    %delay 5, 0;
    %pushi/vec4 1, 0, 1;
    %store/vec4 v0x55a0cb0dc080_0, 0, 1;
    %wait E_0x55a0cb0ba8b0;
    %pushi/vec4 0, 0, 1;
    %store/vec4 v0x55a0cb0dbfe0_0, 0, 1;
    %wait E_0x55a0cb0ba8b0;
    %pushi/vec4 1, 0, 1;
    %store/vec4 v0x55a0cb0dbfe0_0, 0, 1;
    %wait E_0x55a0cb0ba8b0;
    %pushi/vec4 0, 0, 1;
    %store/vec4 v0x55a0cb0dbfe0_0, 0, 1;
    %wait E_0x55a0cb0ba8b0;
    %pushi/vec4 1, 0, 1;
    %store/vec4 v0x55a0cb0dbfe0_0, 0, 1;
    %wait E_0x55a0cb0ba8b0;
    %pushi/vec4 0, 0, 1;
    %store/vec4 v0x55a0cb0dbfe0_0, 0, 1;
    %wait E_0x55a0cb0ba8b0;
    %pushi/vec4 1, 0, 1;
    %store/vec4 v0x55a0cb0dbfe0_0, 0, 1;
    %wait E_0x55a0cb0ba8b0;
    %pushi/vec4 1, 0, 1;
    %store/vec4 v0x55a0cb0dbfe0_0, 0, 1;
    %wait E_0x55a0cb0ba8b0;
    %pushi/vec4 0, 0, 1;
    %store/vec4 v0x55a0cb0dbfe0_0, 0, 1;
    %wait E_0x55a0cb0ba8b0;
    %pushi/vec4 1, 0, 1;
    %store/vec4 v0x55a0cb0dbfe0_0, 0, 1;
    %wait E_0x55a0cb0ba8b0;
    %wait E_0x55a0cb0ba8b0;
    %vpi_call/w 4 55 "$finish" {0 0 0};
    %end;
    .thread T_2;
    .scope S_0x55a0cb0adf20;
T_3 ;
    %delay 5, 0;
    %load/vec4 v0x55a0cb0dbf20_0;
    %inv;
    %store/vec4 v0x55a0cb0dbf20_0, 0, 1;
    %jmp T_3;
    .thread T_3;
    .scope S_0x55a0cb0adf20;
T_4 ;
    %vpi_call/w 4 63 "$dumpfile", "test.vcd" {0 0 0};
    %vpi_call/w 4 64 "$dumpvars", 32'sb00000000000000000000000000000000, S_0x55a0cb0adf20 {0 0 0};
    %end;
    .thread T_4;
    .scope S_0x55a0cb0adf20;
T_5 ;
    %vpi_call/w 4 69 "$monitor", "Time = %t, data_in = %b, state = %b ", $time, v0x55a0cb0dbfe0_0, v0x55a0cb0ba4d0_0 {0 0 0};
    %end;
    .thread T_5;
# The file index is used to find the file name in the following table.
:file_names 6;
    "N/A";
    "<interactive>";
    "-";
    "../rtl/top_pkg.sv";
    "../tb/top_tb.sv";
    "../rtl/top.sv";
