#! /usr/bin/vvp
:ivl_version "11.0 (stable)";
:ivl_delay_selection "TYPICAL";
:vpi_time_precision + 0;
:vpi_module "/usr/lib/x86_64-linux-gnu/ivl/system.vpi";
:vpi_module "/usr/lib/x86_64-linux-gnu/ivl/vhdl_sys.vpi";
:vpi_module "/usr/lib/x86_64-linux-gnu/ivl/vhdl_textio.vpi";
:vpi_module "/usr/lib/x86_64-linux-gnu/ivl/v2005_math.vpi";
:vpi_module "/usr/lib/x86_64-linux-gnu/ivl/va_math.vpi";
S_0x562f179c1eb0 .scope module, "reg_file" "reg_file" 2 7;
 .timescale 0 0;
    .port_info 0 /INPUT 1 "clk";
    .port_info 1 /INPUT 1 "rst_n";
    .port_info 2 /INPUT 1 "read_en";
    .port_info 3 /INPUT 1 "write_en";
    .port_info 4 /INPUT 4 "addr";
    .port_info 5 /INPUT 32 "wr_data";
    .port_info 6 /OUTPUT 1 "rd_data_val";
    .port_info 7 /OUTPUT 32 "rd_data";
P_0x562f179c0860 .param/l "ADDR_WIDTH" 0 2 9, +C4<00000000000000000000000000000100>;
P_0x562f179c08a0 .param/l "REG_NUM" 0 2 10, +C4<000000000000000000000000000000010000>;
P_0x562f179c08e0 .param/l "REG_WIDTH" 0 2 8, +C4<00000000000000000000000000100000>;
L_0x562f179b7140 .functor BUFZ 1, v0x562f179ecc40_0, C4<0>, C4<0>, C4<0>;
L_0x7f7da09b7018 .functor BUFT 1, C4<00000000000000000000000000000000>, C4<0>, C4<0>, C4<0>;
v0x562f179ec400_0 .net/2u *"_ivl_16", 31 0, L_0x7f7da09b7018;  1 drivers
L_0x7f7da09b70a8 .functor BUFT 1, C4<0000000000000000>, C4<0>, C4<0>, C4<0>;
v0x562f179ec500_0 .net *"_ivl_43", 15 0, L_0x7f7da09b70a8;  1 drivers
o0x7f7da0c4ed28 .functor BUFZ 4, C4<zzzz>; HiZ drive
v0x562f179ec5e0_0 .net "addr", 3 0, o0x7f7da0c4ed28;  0 drivers
v0x562f179ec6b0_0 .var "addr_p1", 31 0;
o0x7f7da0c4d018 .functor BUFZ 1, C4<z>; HiZ drive
v0x562f179ec770_0 .net "clk", 0 0, o0x7f7da0c4d018;  0 drivers
v0x562f179ec860_0 .net "dff_wr_en", 15 0, L_0x562f179ff7a0;  1 drivers
v0x562f179ec920_0 .net "rd_data", 31 0, L_0x562f179ff5a0;  1 drivers
v0x562f179ec9e0_0 .net "rd_data_p1", 31 0, L_0x562f179ffab0;  1 drivers
v0x562f179ecac0_0 .net "rd_data_val", 0 0, L_0x562f179b7140;  1 drivers
o0x7f7da0c4efc8 .functor BUFZ 1, C4<z>; HiZ drive
v0x562f179ecb80_0 .net "read_en", 0 0, o0x7f7da0c4efc8;  0 drivers
v0x562f179ecc40_0 .var "read_en_p1", 0 0;
v0x562f179ecd00 .array "reg_data_p0", 0 31;
v0x562f179ecd00_0 .net v0x562f179ecd00 0, 15 0, L_0x562f179ed6b0; 1 drivers
v0x562f179ecd00_1 .net v0x562f179ecd00 1, 15 0, L_0x562f179ed840; 1 drivers
v0x562f179ecd00_2 .net v0x562f179ecd00 2, 15 0, L_0x562f179eda00; 1 drivers
v0x562f179ecd00_3 .net v0x562f179ecd00 3, 15 0, L_0x562f179edba0; 1 drivers
v0x562f179ecd00_4 .net v0x562f179ecd00 4, 15 0, L_0x562f179edd60; 1 drivers
v0x562f179ecd00_5 .net v0x562f179ecd00 5, 15 0, L_0x562f179edf60; 1 drivers
v0x562f179ecd00_6 .net v0x562f179ecd00 6, 15 0, L_0x562f179ee0f0; 1 drivers
v0x562f179ecd00_7 .net v0x562f179ecd00 7, 15 0, L_0x562f179ee300; 1 drivers
v0x562f179ecd00_8 .net v0x562f179ecd00 8, 15 0, L_0x562f179ee4c0; 1 drivers
v0x562f179ecd00_9 .net v0x562f179ecd00 9, 15 0, L_0x562f179ee6e0; 1 drivers
v0x562f179ecd00_10 .net v0x562f179ecd00 10, 15 0, L_0x562f179ee850; 1 drivers
v0x562f179ecd00_11 .net v0x562f179ecd00 11, 15 0, L_0x562f179eea80; 1 drivers
v0x562f179ecd00_12 .net v0x562f179ecd00 12, 15 0, L_0x562f179eec40; 1 drivers
v0x562f179ecd00_13 .net v0x562f179ecd00 13, 15 0, L_0x562f179eee80; 1 drivers
v0x562f179ecd00_14 .net v0x562f179ecd00 14, 15 0, L_0x562f179ef250; 1 drivers
v0x562f179ecd00_15 .net v0x562f179ecd00 15, 15 0, L_0x562f179ef4a0; 1 drivers
o0x7f7da0c4f028 .functor BUFZ 16, C4<zzzzzzzzzzzzzzzz>; HiZ drive
v0x562f179ecd00_16 .net v0x562f179ecd00 16, 15 0, o0x7f7da0c4f028; 0 drivers
o0x7f7da0c4f058 .functor BUFZ 16, C4<zzzzzzzzzzzzzzzz>; HiZ drive
v0x562f179ecd00_17 .net v0x562f179ecd00 17, 15 0, o0x7f7da0c4f058; 0 drivers
o0x7f7da0c4f088 .functor BUFZ 16, C4<zzzzzzzzzzzzzzzz>; HiZ drive
v0x562f179ecd00_18 .net v0x562f179ecd00 18, 15 0, o0x7f7da0c4f088; 0 drivers
o0x7f7da0c4f0b8 .functor BUFZ 16, C4<zzzzzzzzzzzzzzzz>; HiZ drive
v0x562f179ecd00_19 .net v0x562f179ecd00 19, 15 0, o0x7f7da0c4f0b8; 0 drivers
o0x7f7da0c4f0e8 .functor BUFZ 16, C4<zzzzzzzzzzzzzzzz>; HiZ drive
v0x562f179ecd00_20 .net v0x562f179ecd00 20, 15 0, o0x7f7da0c4f0e8; 0 drivers
o0x7f7da0c4f118 .functor BUFZ 16, C4<zzzzzzzzzzzzzzzz>; HiZ drive
v0x562f179ecd00_21 .net v0x562f179ecd00 21, 15 0, o0x7f7da0c4f118; 0 drivers
o0x7f7da0c4f148 .functor BUFZ 16, C4<zzzzzzzzzzzzzzzz>; HiZ drive
v0x562f179ecd00_22 .net v0x562f179ecd00 22, 15 0, o0x7f7da0c4f148; 0 drivers
o0x7f7da0c4f178 .functor BUFZ 16, C4<zzzzzzzzzzzzzzzz>; HiZ drive
v0x562f179ecd00_23 .net v0x562f179ecd00 23, 15 0, o0x7f7da0c4f178; 0 drivers
o0x7f7da0c4f1a8 .functor BUFZ 16, C4<zzzzzzzzzzzzzzzz>; HiZ drive
v0x562f179ecd00_24 .net v0x562f179ecd00 24, 15 0, o0x7f7da0c4f1a8; 0 drivers
o0x7f7da0c4f1d8 .functor BUFZ 16, C4<zzzzzzzzzzzzzzzz>; HiZ drive
v0x562f179ecd00_25 .net v0x562f179ecd00 25, 15 0, o0x7f7da0c4f1d8; 0 drivers
o0x7f7da0c4f208 .functor BUFZ 16, C4<zzzzzzzzzzzzzzzz>; HiZ drive
v0x562f179ecd00_26 .net v0x562f179ecd00 26, 15 0, o0x7f7da0c4f208; 0 drivers
o0x7f7da0c4f238 .functor BUFZ 16, C4<zzzzzzzzzzzzzzzz>; HiZ drive
v0x562f179ecd00_27 .net v0x562f179ecd00 27, 15 0, o0x7f7da0c4f238; 0 drivers
o0x7f7da0c4f268 .functor BUFZ 16, C4<zzzzzzzzzzzzzzzz>; HiZ drive
v0x562f179ecd00_28 .net v0x562f179ecd00 28, 15 0, o0x7f7da0c4f268; 0 drivers
o0x7f7da0c4f298 .functor BUFZ 16, C4<zzzzzzzzzzzzzzzz>; HiZ drive
v0x562f179ecd00_29 .net v0x562f179ecd00 29, 15 0, o0x7f7da0c4f298; 0 drivers
o0x7f7da0c4f2c8 .functor BUFZ 16, C4<zzzzzzzzzzzzzzzz>; HiZ drive
v0x562f179ecd00_30 .net v0x562f179ecd00 30, 15 0, o0x7f7da0c4f2c8; 0 drivers
o0x7f7da0c4f2f8 .functor BUFZ 16, C4<zzzzzzzzzzzzzzzz>; HiZ drive
v0x562f179ecd00_31 .net v0x562f179ecd00 31, 15 0, o0x7f7da0c4f2f8; 0 drivers
o0x7f7da0c4d0d8 .functor BUFZ 1, C4<z>; HiZ drive
v0x562f179ed0c0_0 .net "rst_n", 0 0, o0x7f7da0c4d0d8;  0 drivers
o0x7f7da0c4d048 .functor BUFZ 32, C4<zzzzzzzzzzzzzzzzzzzzzzzzzzzzzzzz>; HiZ drive
v0x562f179ed160_0 .net "wr_data", 31 0, o0x7f7da0c4d048;  0 drivers
o0x7f7da0c4ecc8 .functor BUFZ 1, C4<z>; HiZ drive
v0x562f179ed430_0 .net "write_en", 0 0, o0x7f7da0c4ecc8;  0 drivers
L_0x562f179ed5e0 .part L_0x562f179ff7a0, 0, 1;
L_0x562f179ed7a0 .part L_0x562f179ff7a0, 1, 1;
L_0x562f179ed930 .part L_0x562f179ff7a0, 2, 1;
L_0x562f179edaa0 .part L_0x562f179ff7a0, 3, 1;
L_0x562f179edc90 .part L_0x562f179ff7a0, 4, 1;
L_0x562f179ede50 .part L_0x562f179ff7a0, 5, 1;
L_0x562f179ee050 .part L_0x562f179ff7a0, 6, 1;
L_0x562f179ee1e0 .part L_0x562f179ff7a0, 7, 1;
L_0x562f179ee3f0 .part L_0x562f179ff7a0, 8, 1;
L_0x562f179ee5b0 .part L_0x562f179ff7a0, 9, 1;
L_0x562f179ee780 .part L_0x562f179ff7a0, 10, 1;
L_0x562f179ee940 .part L_0x562f179ff7a0, 11, 1;
L_0x562f179eeb70 .part L_0x562f179ff7a0, 12, 1;
L_0x562f179eed30 .part L_0x562f179ff7a0, 13, 1;
L_0x562f179eef70 .part L_0x562f179ff7a0, 14, 1;
L_0x562f179ef340 .part L_0x562f179ff7a0, 15, 1;
L_0x562f179ff5a0 .functor MUXZ 32, L_0x7f7da09b7018, L_0x562f179ffab0, v0x562f179ecc40_0, C4<>;
L_0x562f179ff910 .part v0x562f179ec6b0_0, 0, 4;
L_0x562f179ffab0 .concat [ 16 16 0 0], v0x562f179eb110_0, L_0x7f7da09b70a8;
S_0x562f179c8080 .scope generate, "genblk1[0]" "genblk1[0]" 2 69, 2 69 0, S_0x562f179c1eb0;
 .timescale 0 0;
P_0x562f179be580 .param/l "i" 0 2 69, +C4<00>;
L_0x562f179ed6b0 .part v0x562f179b2760_0, 0, 16;
S_0x562f179a1b00 .scope module, "reg_dff" "dff" 2 70, 3 7 0, S_0x562f179c8080;
 .timescale 0 0;
    .port_info 0 /INPUT 1 "clk";
    .port_info 1 /INPUT 1 "rst_n";
    .port_info 2 /INPUT 1 "en";
    .port_info 3 /INPUT 32 "d";
    .port_info 4 /OUTPUT 32 "q";
P_0x562f179a1ce0 .param/l "FLOP_WIDTH" 0 3 7, +C4<00000000000000000000000000100000>;
v0x562f179b5fa0_0 .net "clk", 0 0, o0x7f7da0c4d018;  alias, 0 drivers
v0x562f179b4ce0_0 .net "d", 31 0, o0x7f7da0c4d048;  alias, 0 drivers
v0x562f179b3a20_0 .net "en", 0 0, L_0x562f179ed5e0;  1 drivers
v0x562f179b2760_0 .var "q", 31 0;
v0x562f1798a570_0 .net "rst_n", 0 0, o0x7f7da0c4d0d8;  alias, 0 drivers
E_0x562f179a6460 .event posedge, v0x562f179b5fa0_0;
S_0x562f179df7e0 .scope generate, "genblk1[1]" "genblk1[1]" 2 69, 2 69 0, S_0x562f179c1eb0;
 .timescale 0 0;
P_0x562f179dfa00 .param/l "i" 0 2 69, +C4<01>;
L_0x562f179ed840 .part v0x562f179dfec0_0, 0, 16;
S_0x562f179dfac0 .scope module, "reg_dff" "dff" 2 70, 3 7 0, S_0x562f179df7e0;
 .timescale 0 0;
    .port_info 0 /INPUT 1 "clk";
    .port_info 1 /INPUT 1 "rst_n";
    .port_info 2 /INPUT 1 "en";
    .port_info 3 /INPUT 32 "d";
    .port_info 4 /OUTPUT 32 "q";
P_0x562f179dfca0 .param/l "FLOP_WIDTH" 0 3 7, +C4<00000000000000000000000000100000>;
v0x562f17988df0_0 .net "clk", 0 0, o0x7f7da0c4d018;  alias, 0 drivers
v0x562f1795bba0_0 .net "d", 31 0, o0x7f7da0c4d048;  alias, 0 drivers
v0x562f179dfdf0_0 .net "en", 0 0, L_0x562f179ed7a0;  1 drivers
v0x562f179dfec0_0 .var "q", 31 0;
v0x562f179dff80_0 .net "rst_n", 0 0, o0x7f7da0c4d0d8;  alias, 0 drivers
S_0x562f179e0120 .scope generate, "genblk1[2]" "genblk1[2]" 2 69, 2 69 0, S_0x562f179c1eb0;
 .timescale 0 0;
P_0x562f179e0320 .param/l "i" 0 2 69, +C4<010>;
L_0x562f179eda00 .part v0x562f179e0980_0, 0, 16;
S_0x562f179e03e0 .scope module, "reg_dff" "dff" 2 70, 3 7 0, S_0x562f179e0120;
 .timescale 0 0;
    .port_info 0 /INPUT 1 "clk";
    .port_info 1 /INPUT 1 "rst_n";
    .port_info 2 /INPUT 1 "en";
    .port_info 3 /INPUT 32 "d";
    .port_info 4 /OUTPUT 32 "q";
P_0x562f179e05c0 .param/l "FLOP_WIDTH" 0 3 7, +C4<00000000000000000000000000100000>;
v0x562f179e06c0_0 .net "clk", 0 0, o0x7f7da0c4d018;  alias, 0 drivers
v0x562f179e07d0_0 .net "d", 31 0, o0x7f7da0c4d048;  alias, 0 drivers
v0x562f179e08e0_0 .net "en", 0 0, L_0x562f179ed930;  1 drivers
v0x562f179e0980_0 .var "q", 31 0;
v0x562f179e0a60_0 .net "rst_n", 0 0, o0x7f7da0c4d0d8;  alias, 0 drivers
S_0x562f179e0c40 .scope generate, "genblk1[3]" "genblk1[3]" 2 69, 2 69 0, S_0x562f179c1eb0;
 .timescale 0 0;
P_0x562f179e0e40 .param/l "i" 0 2 69, +C4<011>;
L_0x562f179edba0 .part v0x562f179e13c0_0, 0, 16;
S_0x562f179e0f20 .scope module, "reg_dff" "dff" 2 70, 3 7 0, S_0x562f179e0c40;
 .timescale 0 0;
    .port_info 0 /INPUT 1 "clk";
    .port_info 1 /INPUT 1 "rst_n";
    .port_info 2 /INPUT 1 "en";
    .port_info 3 /INPUT 32 "d";
    .port_info 4 /OUTPUT 32 "q";
P_0x562f179e1100 .param/l "FLOP_WIDTH" 0 3 7, +C4<00000000000000000000000000100000>;
v0x562f179e11a0_0 .net "clk", 0 0, o0x7f7da0c4d018;  alias, 0 drivers
v0x562f179e1260_0 .net "d", 31 0, o0x7f7da0c4d048;  alias, 0 drivers
v0x562f179e1320_0 .net "en", 0 0, L_0x562f179edaa0;  1 drivers
v0x562f179e13c0_0 .var "q", 31 0;
v0x562f179e14a0_0 .net "rst_n", 0 0, o0x7f7da0c4d0d8;  alias, 0 drivers
S_0x562f179e1630 .scope generate, "genblk1[4]" "genblk1[4]" 2 69, 2 69 0, S_0x562f179c1eb0;
 .timescale 0 0;
P_0x562f179e1880 .param/l "i" 0 2 69, +C4<0100>;
L_0x562f179edd60 .part v0x562f179e1ec0_0, 0, 16;
S_0x562f179e1960 .scope module, "reg_dff" "dff" 2 70, 3 7 0, S_0x562f179e1630;
 .timescale 0 0;
    .port_info 0 /INPUT 1 "clk";
    .port_info 1 /INPUT 1 "rst_n";
    .port_info 2 /INPUT 1 "en";
    .port_info 3 /INPUT 32 "d";
    .port_info 4 /OUTPUT 32 "q";
P_0x562f179e1b40 .param/l "FLOP_WIDTH" 0 3 7, +C4<00000000000000000000000000100000>;
v0x562f179e1be0_0 .net "clk", 0 0, o0x7f7da0c4d018;  alias, 0 drivers
v0x562f179e1ca0_0 .net "d", 31 0, o0x7f7da0c4d048;  alias, 0 drivers
v0x562f179e1df0_0 .net "en", 0 0, L_0x562f179edc90;  1 drivers
v0x562f179e1ec0_0 .var "q", 31 0;
v0x562f179e1fa0_0 .net "rst_n", 0 0, o0x7f7da0c4d0d8;  alias, 0 drivers
S_0x562f179e2170 .scope generate, "genblk1[5]" "genblk1[5]" 2 69, 2 69 0, S_0x562f179c1eb0;
 .timescale 0 0;
P_0x562f179e0780 .param/l "i" 0 2 69, +C4<0101>;
L_0x562f179edf60 .part v0x562f179e2940_0, 0, 16;
S_0x562f179e23b0 .scope module, "reg_dff" "dff" 2 70, 3 7 0, S_0x562f179e2170;
 .timescale 0 0;
    .port_info 0 /INPUT 1 "clk";
    .port_info 1 /INPUT 1 "rst_n";
    .port_info 2 /INPUT 1 "en";
    .port_info 3 /INPUT 32 "d";
    .port_info 4 /OUTPUT 32 "q";
P_0x562f179e2590 .param/l "FLOP_WIDTH" 0 3 7, +C4<00000000000000000000000000100000>;
v0x562f179e26f0_0 .net "clk", 0 0, o0x7f7da0c4d018;  alias, 0 drivers
v0x562f179e27b0_0 .net "d", 31 0, o0x7f7da0c4d048;  alias, 0 drivers
v0x562f179e2870_0 .net "en", 0 0, L_0x562f179ede50;  1 drivers
v0x562f179e2940_0 .var "q", 31 0;
v0x562f179e2a20_0 .net "rst_n", 0 0, o0x7f7da0c4d0d8;  alias, 0 drivers
S_0x562f179e2bb0 .scope generate, "genblk1[6]" "genblk1[6]" 2 69, 2 69 0, S_0x562f179c1eb0;
 .timescale 0 0;
P_0x562f179e2db0 .param/l "i" 0 2 69, +C4<0110>;
L_0x562f179ee0f0 .part v0x562f179e3390_0, 0, 16;
S_0x562f179e2e90 .scope module, "reg_dff" "dff" 2 70, 3 7 0, S_0x562f179e2bb0;
 .timescale 0 0;
    .port_info 0 /INPUT 1 "clk";
    .port_info 1 /INPUT 1 "rst_n";
    .port_info 2 /INPUT 1 "en";
    .port_info 3 /INPUT 32 "d";
    .port_info 4 /OUTPUT 32 "q";
P_0x562f179e3070 .param/l "FLOP_WIDTH" 0 3 7, +C4<00000000000000000000000000100000>;
v0x562f179e3140_0 .net "clk", 0 0, o0x7f7da0c4d018;  alias, 0 drivers
v0x562f179e3200_0 .net "d", 31 0, o0x7f7da0c4d048;  alias, 0 drivers
v0x562f179e32c0_0 .net "en", 0 0, L_0x562f179ee050;  1 drivers
v0x562f179e3390_0 .var "q", 31 0;
v0x562f179e3470_0 .net "rst_n", 0 0, o0x7f7da0c4d0d8;  alias, 0 drivers
S_0x562f179e3600 .scope generate, "genblk1[7]" "genblk1[7]" 2 69, 2 69 0, S_0x562f179c1eb0;
 .timescale 0 0;
P_0x562f179e3800 .param/l "i" 0 2 69, +C4<0111>;
L_0x562f179ee300 .part v0x562f179e3de0_0, 0, 16;
S_0x562f179e38e0 .scope module, "reg_dff" "dff" 2 70, 3 7 0, S_0x562f179e3600;
 .timescale 0 0;
    .port_info 0 /INPUT 1 "clk";
    .port_info 1 /INPUT 1 "rst_n";
    .port_info 2 /INPUT 1 "en";
    .port_info 3 /INPUT 32 "d";
    .port_info 4 /OUTPUT 32 "q";
P_0x562f179e3ac0 .param/l "FLOP_WIDTH" 0 3 7, +C4<00000000000000000000000000100000>;
v0x562f179e3b90_0 .net "clk", 0 0, o0x7f7da0c4d018;  alias, 0 drivers
v0x562f179e3c50_0 .net "d", 31 0, o0x7f7da0c4d048;  alias, 0 drivers
v0x562f179e3d10_0 .net "en", 0 0, L_0x562f179ee1e0;  1 drivers
v0x562f179e3de0_0 .var "q", 31 0;
v0x562f179e3ec0_0 .net "rst_n", 0 0, o0x7f7da0c4d0d8;  alias, 0 drivers
S_0x562f179e4050 .scope generate, "genblk1[8]" "genblk1[8]" 2 69, 2 69 0, S_0x562f179c1eb0;
 .timescale 0 0;
P_0x562f179e1830 .param/l "i" 0 2 69, +C4<01000>;
L_0x562f179ee4c0 .part v0x562f179e4b10_0, 0, 16;
S_0x562f179e42e0 .scope module, "reg_dff" "dff" 2 70, 3 7 0, S_0x562f179e4050;
 .timescale 0 0;
    .port_info 0 /INPUT 1 "clk";
    .port_info 1 /INPUT 1 "rst_n";
    .port_info 2 /INPUT 1 "en";
    .port_info 3 /INPUT 32 "d";
    .port_info 4 /OUTPUT 32 "q";
P_0x562f179e44c0 .param/l "FLOP_WIDTH" 0 3 7, +C4<00000000000000000000000000100000>;
v0x562f179e46a0_0 .net "clk", 0 0, o0x7f7da0c4d018;  alias, 0 drivers
v0x562f179e4870_0 .net "d", 31 0, o0x7f7da0c4d048;  alias, 0 drivers
v0x562f179e4a40_0 .net "en", 0 0, L_0x562f179ee3f0;  1 drivers
v0x562f179e4b10_0 .var "q", 31 0;
v0x562f179e4bf0_0 .net "rst_n", 0 0, o0x7f7da0c4d0d8;  alias, 0 drivers
S_0x562f179e4e90 .scope generate, "genblk1[9]" "genblk1[9]" 2 69, 2 69 0, S_0x562f179c1eb0;
 .timescale 0 0;
P_0x562f179e5090 .param/l "i" 0 2 69, +C4<01001>;
L_0x562f179ee6e0 .part v0x562f179e56f0_0, 0, 16;
S_0x562f179e5170 .scope module, "reg_dff" "dff" 2 70, 3 7 0, S_0x562f179e4e90;
 .timescale 0 0;
    .port_info 0 /INPUT 1 "clk";
    .port_info 1 /INPUT 1 "rst_n";
    .port_info 2 /INPUT 1 "en";
    .port_info 3 /INPUT 32 "d";
    .port_info 4 /OUTPUT 32 "q";
P_0x562f179e5350 .param/l "FLOP_WIDTH" 0 3 7, +C4<00000000000000000000000000100000>;
v0x562f179e54a0_0 .net "clk", 0 0, o0x7f7da0c4d018;  alias, 0 drivers
v0x562f179e5560_0 .net "d", 31 0, o0x7f7da0c4d048;  alias, 0 drivers
v0x562f179e5620_0 .net "en", 0 0, L_0x562f179ee5b0;  1 drivers
v0x562f179e56f0_0 .var "q", 31 0;
v0x562f179e57d0_0 .net "rst_n", 0 0, o0x7f7da0c4d0d8;  alias, 0 drivers
S_0x562f179e5960 .scope generate, "genblk1[10]" "genblk1[10]" 2 69, 2 69 0, S_0x562f179c1eb0;
 .timescale 0 0;
P_0x562f179e5b60 .param/l "i" 0 2 69, +C4<01010>;
L_0x562f179ee850 .part v0x562f179e61c0_0, 0, 16;
S_0x562f179e5c40 .scope module, "reg_dff" "dff" 2 70, 3 7 0, S_0x562f179e5960;
 .timescale 0 0;
    .port_info 0 /INPUT 1 "clk";
    .port_info 1 /INPUT 1 "rst_n";
    .port_info 2 /INPUT 1 "en";
    .port_info 3 /INPUT 32 "d";
    .port_info 4 /OUTPUT 32 "q";
P_0x562f179e5e20 .param/l "FLOP_WIDTH" 0 3 7, +C4<00000000000000000000000000100000>;
v0x562f179e5f70_0 .net "clk", 0 0, o0x7f7da0c4d018;  alias, 0 drivers
v0x562f179e6030_0 .net "d", 31 0, o0x7f7da0c4d048;  alias, 0 drivers
v0x562f179e60f0_0 .net "en", 0 0, L_0x562f179ee780;  1 drivers
v0x562f179e61c0_0 .var "q", 31 0;
v0x562f179e62a0_0 .net "rst_n", 0 0, o0x7f7da0c4d0d8;  alias, 0 drivers
S_0x562f179e6430 .scope generate, "genblk1[11]" "genblk1[11]" 2 69, 2 69 0, S_0x562f179c1eb0;
 .timescale 0 0;
P_0x562f179e6630 .param/l "i" 0 2 69, +C4<01011>;
L_0x562f179eea80 .part v0x562f179e6c90_0, 0, 16;
S_0x562f179e6710 .scope module, "reg_dff" "dff" 2 70, 3 7 0, S_0x562f179e6430;
 .timescale 0 0;
    .port_info 0 /INPUT 1 "clk";
    .port_info 1 /INPUT 1 "rst_n";
    .port_info 2 /INPUT 1 "en";
    .port_info 3 /INPUT 32 "d";
    .port_info 4 /OUTPUT 32 "q";
P_0x562f179e68f0 .param/l "FLOP_WIDTH" 0 3 7, +C4<00000000000000000000000000100000>;
v0x562f179e6a40_0 .net "clk", 0 0, o0x7f7da0c4d018;  alias, 0 drivers
v0x562f179e6b00_0 .net "d", 31 0, o0x7f7da0c4d048;  alias, 0 drivers
v0x562f179e6bc0_0 .net "en", 0 0, L_0x562f179ee940;  1 drivers
v0x562f179e6c90_0 .var "q", 31 0;
v0x562f179e6d70_0 .net "rst_n", 0 0, o0x7f7da0c4d0d8;  alias, 0 drivers
S_0x562f179e6f00 .scope generate, "genblk1[12]" "genblk1[12]" 2 69, 2 69 0, S_0x562f179c1eb0;
 .timescale 0 0;
P_0x562f179e7100 .param/l "i" 0 2 69, +C4<01100>;
L_0x562f179eec40 .part v0x562f179e7760_0, 0, 16;
S_0x562f179e71e0 .scope module, "reg_dff" "dff" 2 70, 3 7 0, S_0x562f179e6f00;
 .timescale 0 0;
    .port_info 0 /INPUT 1 "clk";
    .port_info 1 /INPUT 1 "rst_n";
    .port_info 2 /INPUT 1 "en";
    .port_info 3 /INPUT 32 "d";
    .port_info 4 /OUTPUT 32 "q";
P_0x562f179e73c0 .param/l "FLOP_WIDTH" 0 3 7, +C4<00000000000000000000000000100000>;
v0x562f179e7510_0 .net "clk", 0 0, o0x7f7da0c4d018;  alias, 0 drivers
v0x562f179e75d0_0 .net "d", 31 0, o0x7f7da0c4d048;  alias, 0 drivers
v0x562f179e7690_0 .net "en", 0 0, L_0x562f179eeb70;  1 drivers
v0x562f179e7760_0 .var "q", 31 0;
v0x562f179e7840_0 .net "rst_n", 0 0, o0x7f7da0c4d0d8;  alias, 0 drivers
S_0x562f179e79d0 .scope generate, "genblk1[13]" "genblk1[13]" 2 69, 2 69 0, S_0x562f179c1eb0;
 .timescale 0 0;
P_0x562f179e7bd0 .param/l "i" 0 2 69, +C4<01101>;
L_0x562f179eee80 .part v0x562f179e8230_0, 0, 16;
S_0x562f179e7cb0 .scope module, "reg_dff" "dff" 2 70, 3 7 0, S_0x562f179e79d0;
 .timescale 0 0;
    .port_info 0 /INPUT 1 "clk";
    .port_info 1 /INPUT 1 "rst_n";
    .port_info 2 /INPUT 1 "en";
    .port_info 3 /INPUT 32 "d";
    .port_info 4 /OUTPUT 32 "q";
P_0x562f179e7e90 .param/l "FLOP_WIDTH" 0 3 7, +C4<00000000000000000000000000100000>;
v0x562f179e7fe0_0 .net "clk", 0 0, o0x7f7da0c4d018;  alias, 0 drivers
v0x562f179e80a0_0 .net "d", 31 0, o0x7f7da0c4d048;  alias, 0 drivers
v0x562f179e8160_0 .net "en", 0 0, L_0x562f179eed30;  1 drivers
v0x562f179e8230_0 .var "q", 31 0;
v0x562f179e8310_0 .net "rst_n", 0 0, o0x7f7da0c4d0d8;  alias, 0 drivers
S_0x562f179e84a0 .scope generate, "genblk1[14]" "genblk1[14]" 2 69, 2 69 0, S_0x562f179c1eb0;
 .timescale 0 0;
P_0x562f179e86a0 .param/l "i" 0 2 69, +C4<01110>;
L_0x562f179ef250 .part v0x562f179e8d00_0, 0, 16;
S_0x562f179e8780 .scope module, "reg_dff" "dff" 2 70, 3 7 0, S_0x562f179e84a0;
 .timescale 0 0;
    .port_info 0 /INPUT 1 "clk";
    .port_info 1 /INPUT 1 "rst_n";
    .port_info 2 /INPUT 1 "en";
    .port_info 3 /INPUT 32 "d";
    .port_info 4 /OUTPUT 32 "q";
P_0x562f179e8960 .param/l "FLOP_WIDTH" 0 3 7, +C4<00000000000000000000000000100000>;
v0x562f179e8ab0_0 .net "clk", 0 0, o0x7f7da0c4d018;  alias, 0 drivers
v0x562f179e8b70_0 .net "d", 31 0, o0x7f7da0c4d048;  alias, 0 drivers
v0x562f179e8c30_0 .net "en", 0 0, L_0x562f179eef70;  1 drivers
v0x562f179e8d00_0 .var "q", 31 0;
v0x562f179e8de0_0 .net "rst_n", 0 0, o0x7f7da0c4d0d8;  alias, 0 drivers
S_0x562f179e8f70 .scope generate, "genblk1[15]" "genblk1[15]" 2 69, 2 69 0, S_0x562f179c1eb0;
 .timescale 0 0;
P_0x562f179e9170 .param/l "i" 0 2 69, +C4<01111>;
L_0x562f179ef4a0 .part v0x562f179e97d0_0, 0, 16;
S_0x562f179e9250 .scope module, "reg_dff" "dff" 2 70, 3 7 0, S_0x562f179e8f70;
 .timescale 0 0;
    .port_info 0 /INPUT 1 "clk";
    .port_info 1 /INPUT 1 "rst_n";
    .port_info 2 /INPUT 1 "en";
    .port_info 3 /INPUT 32 "d";
    .port_info 4 /OUTPUT 32 "q";
P_0x562f179e9430 .param/l "FLOP_WIDTH" 0 3 7, +C4<00000000000000000000000000100000>;
v0x562f179e9580_0 .net "clk", 0 0, o0x7f7da0c4d018;  alias, 0 drivers
v0x562f179e9640_0 .net "d", 31 0, o0x7f7da0c4d048;  alias, 0 drivers
v0x562f179e9700_0 .net "en", 0 0, L_0x562f179ef340;  1 drivers
v0x562f179e97d0_0 .var "q", 31 0;
v0x562f179e98b0_0 .net "rst_n", 0 0, o0x7f7da0c4d0d8;  alias, 0 drivers
S_0x562f179e9a40 .scope module, "rd_mux" "mux" 2 84, 4 7 0, S_0x562f179c1eb0;
 .timescale 0 0;
    .port_info 0 /INPUT 4 "sel";
    .port_info 1 /INPUT 16 "in0";
    .port_info 2 /INPUT 16 "in1";
    .port_info 3 /INPUT 16 "in2";
    .port_info 4 /INPUT 16 "in3";
    .port_info 5 /INPUT 16 "in4";
    .port_info 6 /INPUT 16 "in5";
    .port_info 7 /INPUT 16 "in6";
    .port_info 8 /INPUT 16 "in7";
    .port_info 9 /INPUT 16 "in8";
    .port_info 10 /INPUT 16 "in9";
    .port_info 11 /INPUT 16 "in10";
    .port_info 12 /INPUT 16 "in11";
    .port_info 13 /INPUT 16 "in12";
    .port_info 14 /INPUT 16 "in13";
    .port_info 15 /INPUT 16 "in14";
    .port_info 16 /INPUT 16 "in15";
    .port_info 17 /OUTPUT 16 "out";
P_0x562f179e2630 .param/l "IN_WIDTH" 0 4 10, +C4<000000000000000000000000000000010000>;
P_0x562f179e2670 .param/l "SEL_WIDTH" 0 4 8, +C4<00000000000000000000000000000100>;
v0x562f179ea0a0_0 .net "in0", 15 0, L_0x562f179ed6b0;  alias, 1 drivers
v0x562f179ea1a0_0 .net "in1", 15 0, L_0x562f179ed840;  alias, 1 drivers
v0x562f179ea280_0 .net "in10", 15 0, L_0x562f179ee850;  alias, 1 drivers
v0x562f179ea370_0 .net "in11", 15 0, L_0x562f179eea80;  alias, 1 drivers
v0x562f179ea450_0 .net "in12", 15 0, L_0x562f179eec40;  alias, 1 drivers
v0x562f179ea580_0 .net "in13", 15 0, L_0x562f179eee80;  alias, 1 drivers
v0x562f179ea660_0 .net "in14", 15 0, L_0x562f179ef250;  alias, 1 drivers
v0x562f179ea740_0 .net "in15", 15 0, L_0x562f179ef4a0;  alias, 1 drivers
v0x562f179ea820_0 .net "in2", 15 0, L_0x562f179eda00;  alias, 1 drivers
v0x562f179ea900_0 .net "in3", 15 0, L_0x562f179edba0;  alias, 1 drivers
v0x562f179ea9e0_0 .net "in4", 15 0, L_0x562f179edd60;  alias, 1 drivers
v0x562f179eaac0_0 .net "in5", 15 0, L_0x562f179edf60;  alias, 1 drivers
v0x562f179eaba0_0 .net "in6", 15 0, L_0x562f179ee0f0;  alias, 1 drivers
v0x562f179eac80_0 .net "in7", 15 0, L_0x562f179ee300;  alias, 1 drivers
v0x562f179ead60_0 .net "in8", 15 0, L_0x562f179ee4c0;  alias, 1 drivers
v0x562f179eae40_0 .net "in9", 15 0, L_0x562f179ee6e0;  alias, 1 drivers
v0x562f179eaf20_0 .net "out", 15 0, v0x562f179eb110_0;  1 drivers
v0x562f179eb110_0 .var "out_reg", 15 0;
v0x562f179eb1f0_0 .net "sel", 3 0, L_0x562f179ff910;  1 drivers
E_0x562f179a53e0 .event edge, v0x562f179ea0a0_0;
S_0x562f179eb5b0 .scope module, "wr_addr_dec" "decoder" 2 58, 5 7 0, S_0x562f179c1eb0;
 .timescale 0 0;
    .port_info 0 /INPUT 1 "clk";
    .port_info 1 /INPUT 1 "rst_n";
    .port_info 2 /INPUT 1 "en";
    .port_info 3 /INPUT 4 "in";
    .port_info 4 /OUTPUT 16 "out";
P_0x562f179e2040 .param/l "IN_WIDTH" 0 5 8, +C4<00000000000000000000000000000100>;
P_0x562f179e2080 .param/l "OUT_WIDTH" 0 5 9, +C4<000000000000000000000000000000010000>;
L_0x7f7da09b7060 .functor BUFT 1, C4<0000000000000000>, C4<0>, C4<0>, C4<0>;
v0x562f179e9d80_0 .net/2u *"_ivl_0", 15 0, L_0x7f7da09b7060;  1 drivers
v0x562f179eb960_0 .net "clk", 0 0, o0x7f7da0c4d018;  alias, 0 drivers
v0x562f179ebc30_0 .net "en", 0 0, o0x7f7da0c4ecc8;  alias, 0 drivers
v0x562f179ebd00_0 .var/i "i", 31 0;
v0x562f179ebdc0_0 .net "in", 3 0, o0x7f7da0c4ed28;  alias, 0 drivers
v0x562f179ebef0_0 .net "out", 15 0, L_0x562f179ff7a0;  alias, 1 drivers
v0x562f179ebfd0_0 .var "out_reg", 15 0;
v0x562f179ec0b0_0 .net "rst_n", 0 0, o0x7f7da0c4d0d8;  alias, 0 drivers
E_0x562f1797d9b0 .event edge, v0x562f179ebdc0_0;
L_0x562f179ff7a0 .functor MUXZ 16, L_0x7f7da09b7060, v0x562f179ebfd0_0, o0x7f7da0c4ecc8, C4<>;
    .scope S_0x562f179a1b00;
T_0 ;
    %wait E_0x562f179a6460;
    %load/vec4 v0x562f1798a570_0;
    %inv;
    %flag_set/vec4 8;
    %jmp/0xz  T_0.0, 8;
    %pushi/vec4 0, 0, 32;
    %assign/vec4 v0x562f179b2760_0, 0;
    %jmp T_0.1;
T_0.0 ;
    %load/vec4 v0x562f179b3a20_0;
    %flag_set/vec4 8;
    %jmp/0xz  T_0.2, 8;
    %load/vec4 v0x562f179b4ce0_0;
    %assign/vec4 v0x562f179b2760_0, 0;
T_0.2 ;
T_0.1 ;
    %jmp T_0;
    .thread T_0;
    .scope S_0x562f179dfac0;
T_1 ;
    %wait E_0x562f179a6460;
    %load/vec4 v0x562f179dff80_0;
    %inv;
    %flag_set/vec4 8;
    %jmp/0xz  T_1.0, 8;
    %pushi/vec4 0, 0, 32;
    %assign/vec4 v0x562f179dfec0_0, 0;
    %jmp T_1.1;
T_1.0 ;
    %load/vec4 v0x562f179dfdf0_0;
    %flag_set/vec4 8;
    %jmp/0xz  T_1.2, 8;
    %load/vec4 v0x562f1795bba0_0;
    %assign/vec4 v0x562f179dfec0_0, 0;
T_1.2 ;
T_1.1 ;
    %jmp T_1;
    .thread T_1;
    .scope S_0x562f179e03e0;
T_2 ;
    %wait E_0x562f179a6460;
    %load/vec4 v0x562f179e0a60_0;
    %inv;
    %flag_set/vec4 8;
    %jmp/0xz  T_2.0, 8;
    %pushi/vec4 0, 0, 32;
    %assign/vec4 v0x562f179e0980_0, 0;
    %jmp T_2.1;
T_2.0 ;
    %load/vec4 v0x562f179e08e0_0;
    %flag_set/vec4 8;
    %jmp/0xz  T_2.2, 8;
    %load/vec4 v0x562f179e07d0_0;
    %assign/vec4 v0x562f179e0980_0, 0;
T_2.2 ;
T_2.1 ;
    %jmp T_2;
    .thread T_2;
    .scope S_0x562f179e0f20;
T_3 ;
    %wait E_0x562f179a6460;
    %load/vec4 v0x562f179e14a0_0;
    %inv;
    %flag_set/vec4 8;
    %jmp/0xz  T_3.0, 8;
    %pushi/vec4 0, 0, 32;
    %assign/vec4 v0x562f179e13c0_0, 0;
    %jmp T_3.1;
T_3.0 ;
    %load/vec4 v0x562f179e1320_0;
    %flag_set/vec4 8;
    %jmp/0xz  T_3.2, 8;
    %load/vec4 v0x562f179e1260_0;
    %assign/vec4 v0x562f179e13c0_0, 0;
T_3.2 ;
T_3.1 ;
    %jmp T_3;
    .thread T_3;
    .scope S_0x562f179e1960;
T_4 ;
    %wait E_0x562f179a6460;
    %load/vec4 v0x562f179e1fa0_0;
    %inv;
    %flag_set/vec4 8;
    %jmp/0xz  T_4.0, 8;
    %pushi/vec4 0, 0, 32;
    %assign/vec4 v0x562f179e1ec0_0, 0;
    %jmp T_4.1;
T_4.0 ;
    %load/vec4 v0x562f179e1df0_0;
    %flag_set/vec4 8;
    %jmp/0xz  T_4.2, 8;
    %load/vec4 v0x562f179e1ca0_0;
    %assign/vec4 v0x562f179e1ec0_0, 0;
T_4.2 ;
T_4.1 ;
    %jmp T_4;
    .thread T_4;
    .scope S_0x562f179e23b0;
T_5 ;
    %wait E_0x562f179a6460;
    %load/vec4 v0x562f179e2a20_0;
    %inv;
    %flag_set/vec4 8;
    %jmp/0xz  T_5.0, 8;
    %pushi/vec4 0, 0, 32;
    %assign/vec4 v0x562f179e2940_0, 0;
    %jmp T_5.1;
T_5.0 ;
    %load/vec4 v0x562f179e2870_0;
    %flag_set/vec4 8;
    %jmp/0xz  T_5.2, 8;
    %load/vec4 v0x562f179e27b0_0;
    %assign/vec4 v0x562f179e2940_0, 0;
T_5.2 ;
T_5.1 ;
    %jmp T_5;
    .thread T_5;
    .scope S_0x562f179e2e90;
T_6 ;
    %wait E_0x562f179a6460;
    %load/vec4 v0x562f179e3470_0;
    %inv;
    %flag_set/vec4 8;
    %jmp/0xz  T_6.0, 8;
    %pushi/vec4 0, 0, 32;
    %assign/vec4 v0x562f179e3390_0, 0;
    %jmp T_6.1;
T_6.0 ;
    %load/vec4 v0x562f179e32c0_0;
    %flag_set/vec4 8;
    %jmp/0xz  T_6.2, 8;
    %load/vec4 v0x562f179e3200_0;
    %assign/vec4 v0x562f179e3390_0, 0;
T_6.2 ;
T_6.1 ;
    %jmp T_6;
    .thread T_6;
    .scope S_0x562f179e38e0;
T_7 ;
    %wait E_0x562f179a6460;
    %load/vec4 v0x562f179e3ec0_0;
    %inv;
    %flag_set/vec4 8;
    %jmp/0xz  T_7.0, 8;
    %pushi/vec4 0, 0, 32;
    %assign/vec4 v0x562f179e3de0_0, 0;
    %jmp T_7.1;
T_7.0 ;
    %load/vec4 v0x562f179e3d10_0;
    %flag_set/vec4 8;
    %jmp/0xz  T_7.2, 8;
    %load/vec4 v0x562f179e3c50_0;
    %assign/vec4 v0x562f179e3de0_0, 0;
T_7.2 ;
T_7.1 ;
    %jmp T_7;
    .thread T_7;
    .scope S_0x562f179e42e0;
T_8 ;
    %wait E_0x562f179a6460;
    %load/vec4 v0x562f179e4bf0_0;
    %inv;
    %flag_set/vec4 8;
    %jmp/0xz  T_8.0, 8;
    %pushi/vec4 0, 0, 32;
    %assign/vec4 v0x562f179e4b10_0, 0;
    %jmp T_8.1;
T_8.0 ;
    %load/vec4 v0x562f179e4a40_0;
    %flag_set/vec4 8;
    %jmp/0xz  T_8.2, 8;
    %load/vec4 v0x562f179e4870_0;
    %assign/vec4 v0x562f179e4b10_0, 0;
T_8.2 ;
T_8.1 ;
    %jmp T_8;
    .thread T_8;
    .scope S_0x562f179e5170;
T_9 ;
    %wait E_0x562f179a6460;
    %load/vec4 v0x562f179e57d0_0;
    %inv;
    %flag_set/vec4 8;
    %jmp/0xz  T_9.0, 8;
    %pushi/vec4 0, 0, 32;
    %assign/vec4 v0x562f179e56f0_0, 0;
    %jmp T_9.1;
T_9.0 ;
    %load/vec4 v0x562f179e5620_0;
    %flag_set/vec4 8;
    %jmp/0xz  T_9.2, 8;
    %load/vec4 v0x562f179e5560_0;
    %assign/vec4 v0x562f179e56f0_0, 0;
T_9.2 ;
T_9.1 ;
    %jmp T_9;
    .thread T_9;
    .scope S_0x562f179e5c40;
T_10 ;
    %wait E_0x562f179a6460;
    %load/vec4 v0x562f179e62a0_0;
    %inv;
    %flag_set/vec4 8;
    %jmp/0xz  T_10.0, 8;
    %pushi/vec4 0, 0, 32;
    %assign/vec4 v0x562f179e61c0_0, 0;
    %jmp T_10.1;
T_10.0 ;
    %load/vec4 v0x562f179e60f0_0;
    %flag_set/vec4 8;
    %jmp/0xz  T_10.2, 8;
    %load/vec4 v0x562f179e6030_0;
    %assign/vec4 v0x562f179e61c0_0, 0;
T_10.2 ;
T_10.1 ;
    %jmp T_10;
    .thread T_10;
    .scope S_0x562f179e6710;
T_11 ;
    %wait E_0x562f179a6460;
    %load/vec4 v0x562f179e6d70_0;
    %inv;
    %flag_set/vec4 8;
    %jmp/0xz  T_11.0, 8;
    %pushi/vec4 0, 0, 32;
    %assign/vec4 v0x562f179e6c90_0, 0;
    %jmp T_11.1;
T_11.0 ;
    %load/vec4 v0x562f179e6bc0_0;
    %flag_set/vec4 8;
    %jmp/0xz  T_11.2, 8;
    %load/vec4 v0x562f179e6b00_0;
    %assign/vec4 v0x562f179e6c90_0, 0;
T_11.2 ;
T_11.1 ;
    %jmp T_11;
    .thread T_11;
    .scope S_0x562f179e71e0;
T_12 ;
    %wait E_0x562f179a6460;
    %load/vec4 v0x562f179e7840_0;
    %inv;
    %flag_set/vec4 8;
    %jmp/0xz  T_12.0, 8;
    %pushi/vec4 0, 0, 32;
    %assign/vec4 v0x562f179e7760_0, 0;
    %jmp T_12.1;
T_12.0 ;
    %load/vec4 v0x562f179e7690_0;
    %flag_set/vec4 8;
    %jmp/0xz  T_12.2, 8;
    %load/vec4 v0x562f179e75d0_0;
    %assign/vec4 v0x562f179e7760_0, 0;
T_12.2 ;
T_12.1 ;
    %jmp T_12;
    .thread T_12;
    .scope S_0x562f179e7cb0;
T_13 ;
    %wait E_0x562f179a6460;
    %load/vec4 v0x562f179e8310_0;
    %inv;
    %flag_set/vec4 8;
    %jmp/0xz  T_13.0, 8;
    %pushi/vec4 0, 0, 32;
    %assign/vec4 v0x562f179e8230_0, 0;
    %jmp T_13.1;
T_13.0 ;
    %load/vec4 v0x562f179e8160_0;
    %flag_set/vec4 8;
    %jmp/0xz  T_13.2, 8;
    %load/vec4 v0x562f179e80a0_0;
    %assign/vec4 v0x562f179e8230_0, 0;
T_13.2 ;
T_13.1 ;
    %jmp T_13;
    .thread T_13;
    .scope S_0x562f179e8780;
T_14 ;
    %wait E_0x562f179a6460;
    %load/vec4 v0x562f179e8de0_0;
    %inv;
    %flag_set/vec4 8;
    %jmp/0xz  T_14.0, 8;
    %pushi/vec4 0, 0, 32;
    %assign/vec4 v0x562f179e8d00_0, 0;
    %jmp T_14.1;
T_14.0 ;
    %load/vec4 v0x562f179e8c30_0;
    %flag_set/vec4 8;
    %jmp/0xz  T_14.2, 8;
    %load/vec4 v0x562f179e8b70_0;
    %assign/vec4 v0x562f179e8d00_0, 0;
T_14.2 ;
T_14.1 ;
    %jmp T_14;
    .thread T_14;
    .scope S_0x562f179e9250;
T_15 ;
    %wait E_0x562f179a6460;
    %load/vec4 v0x562f179e98b0_0;
    %inv;
    %flag_set/vec4 8;
    %jmp/0xz  T_15.0, 8;
    %pushi/vec4 0, 0, 32;
    %assign/vec4 v0x562f179e97d0_0, 0;
    %jmp T_15.1;
T_15.0 ;
    %load/vec4 v0x562f179e9700_0;
    %flag_set/vec4 8;
    %jmp/0xz  T_15.2, 8;
    %load/vec4 v0x562f179e9640_0;
    %assign/vec4 v0x562f179e97d0_0, 0;
T_15.2 ;
T_15.1 ;
    %jmp T_15;
    .thread T_15;
    .scope S_0x562f179eb5b0;
T_16 ;
    %wait E_0x562f1797d9b0;
    %pushi/vec4 0, 0, 32;
    %store/vec4 v0x562f179ebd00_0, 0, 32;
T_16.0 ;
    %load/vec4 v0x562f179ebd00_0;
    %pad/s 36;
    %cmpi/s 16, 0, 36;
    %jmp/0xz T_16.1, 5;
    %load/vec4 v0x562f179ebdc0_0;
    %pad/u 32;
    %load/vec4 v0x562f179ebd00_0;
    %cmp/e;
    %flag_get/vec4 4;
    %ix/getv/s 4, v0x562f179ebd00_0;
    %store/vec4 v0x562f179ebfd0_0, 4, 1;
    ; show_stmt_assign_vector: Get l-value for compressed += operand
    %load/vec4 v0x562f179ebd00_0;
    %pushi/vec4 1, 0, 32;
    %add;
    %store/vec4 v0x562f179ebd00_0, 0, 32;
    %jmp T_16.0;
T_16.1 ;
    %jmp T_16;
    .thread T_16, $push;
    .scope S_0x562f179e9a40;
T_17 ;
    %wait E_0x562f179a53e0;
    %load/vec4 v0x562f179ea0a0_0;
    %store/vec4 v0x562f179eb110_0, 0, 16;
    %jmp T_17;
    .thread T_17, $push;
    .scope S_0x562f179c1eb0;
T_18 ;
    %wait E_0x562f179a6460;
    %load/vec4 v0x562f179ed0c0_0;
    %inv;
    %flag_set/vec4 8;
    %jmp/0xz  T_18.0, 8;
    %pushi/vec4 0, 0, 32;
    %assign/vec4 v0x562f179ec6b0_0, 0;
    %pushi/vec4 0, 0, 1;
    %assign/vec4 v0x562f179ecc40_0, 0;
    %jmp T_18.1;
T_18.0 ;
    %load/vec4 v0x562f179ec5e0_0;
    %pad/u 32;
    %assign/vec4 v0x562f179ec6b0_0, 0;
    %load/vec4 v0x562f179ecb80_0;
    %assign/vec4 v0x562f179ecc40_0, 0;
T_18.1 ;
    %jmp T_18;
    .thread T_18;
# The file index is used to find the file name in the following table.
:file_names 6;
    "N/A";
    "<interactive>";
    "reg_file.v";
    "../common/dff.v";
    "../common/mux.v";
    "decoder.v";
